0 info it worked if it ends with ok
1 verbose cli [ '/Users/azmihafizha/.nvm/versions/node/v7.3.0/bin/node',
1 verbose cli   '/Users/azmihafizha/.nvm/versions/node/v7.3.0/bin/npm',
1 verbose cli   'run',
1 verbose cli   'docs' ]
2 info using npm@3.10.10
3 info using node@v7.3.0
4 verbose run-script [ 'predocs', 'docs', 'postdocs' ]
5 info lifecycle react-component-example-project@0.1.0~predocs: react-component-example-project@0.1.0
6 silly lifecycle react-component-example-project@0.1.0~predocs: no script for predocs, continuing
7 info lifecycle react-component-example-project@0.1.0~docs: react-component-example-project@0.1.0
8 verbose lifecycle react-component-example-project@0.1.0~docs: unsafe-perm in lifecycle true
9 verbose lifecycle react-component-example-project@0.1.0~docs: PATH: /Users/azmihafizha/.nvm/versions/node/v7.3.0/lib/node_modules/npm/bin/node-gyp-bin:/Users/azmihafizha/_tvlk/react-npm-component-starter/node_modules/.bin:/Users/azmihafizha/.nvm/versions/node/v7.3.0/lib/node_modules/npm/bin/node-gyp-bin:/Users/azmihafizha/_tvlk/react-npm-component-starter/node_modules/.bin:/Users/azmihafizha/.nvm/versions/node/v7.3.0/bin:/Users/azmihafizha/_tvlk/arcanist/arcanist/bin:/usr/local/bin:/usr/bin:/bin:/usr/sbin:/sbin:/Users/azmihafizha/.npm-global/bin
10 verbose lifecycle react-component-example-project@0.1.0~docs: CWD: /Users/azmihafizha/_tvlk/react-npm-component-starter
11 silly lifecycle react-component-example-project@0.1.0~docs: Args: [ '-c', 'webpack-dev-server --mode development' ]
12 silly lifecycle react-component-example-project@0.1.0~docs: Returned: code: 1  signal: null
13 info lifecycle react-component-example-project@0.1.0~docs: Failed to exec docs script
14 verbose stack Error: react-component-example-project@0.1.0 docs: `webpack-dev-server --mode development`
14 verbose stack Exit status 1
14 verbose stack     at EventEmitter.<anonymous> (/Users/azmihafizha/.nvm/versions/node/v7.3.0/lib/node_modules/npm/lib/utils/lifecycle.js:255:16)
14 verbose stack     at emitTwo (events.js:106:13)
14 verbose stack     at EventEmitter.emit (events.js:191:7)
14 verbose stack     at ChildProcess.<anonymous> (/Users/azmihafizha/.nvm/versions/node/v7.3.0/lib/node_modules/npm/lib/utils/spawn.js:40:14)
14 verbose stack     at emitTwo (events.js:106:13)
14 verbose stack     at ChildProcess.emit (events.js:191:7)
14 verbose stack     at maybeClose (internal/child_process.js:885:16)
14 verbose stack     at Process.ChildProcess._handle.onexit (internal/child_process.js:226:5)
15 verbose pkgid react-component-example-project@0.1.0
16 verbose cwd /Users/azmihafizha/_tvlk/react-npm-component-starter
17 error Darwin 16.7.0
18 error argv "/Users/azmihafizha/.nvm/versions/node/v7.3.0/bin/node" "/Users/azmihafizha/.nvm/versions/node/v7.3.0/bin/npm" "run" "docs"
19 error node v7.3.0
20 error npm  v3.10.10
21 error code ELIFECYCLE
22 error react-component-example-project@0.1.0 docs: `webpack-dev-server --mode development`
22 error Exit status 1
23 error Failed at the react-component-example-project@0.1.0 docs script 'webpack-dev-server --mode development'.
23 error Make sure you have the latest version of node.js and npm installed.
23 error If you do, this is most likely a problem with the react-component-example-project package,
23 error not with npm itself.
23 error Tell the author that this fails on your system:
23 error     webpack-dev-server --mode development
23 error You can get information on how to open an issue for this project with:
23 error     npm bugs react-component-example-project
23 error Or if that isn't available, you can get their info via:
23 error     npm owner ls react-component-example-project
23 error There is likely additional logging output above.
24 verbose exit [ 1, true ]
